
Showing logs for build [32mcb-kubecd-bdd-gh-1588884991-mas-lr8ct-1[0m stage [32mfrom-build-pack[0m and container [32mstep-credential-initializer-l8z44[0m
{"level":"info","ts":1588885124.178039,"logger":"fallback-logger","caller":"logging/config.go:69","msg":"Fetch GitHub commit ID from kodata failed: open /var/run/ko/refs/heads/0.8.0-ns-support: no such file or directory"}
{"level":"info","ts":1588885124.1819344,"logger":"fallback-logger","caller":"creds-init/main.go:40","msg":"Credentials initialized."}

Showing logs for build [32mcb-kubecd-bdd-gh-1588884991-mas-lr8ct-1[0m stage [32mfrom-build-pack[0m and container [32mstep-working-dir-initializer-6hg24[0m
{"level":"info","ts":1588885125.1764297,"logger":"fallback-logger","caller":"logging/config.go:69","msg":"Fetch GitHub commit ID from kodata failed: open /var/run/ko/HEAD: no such file or directory"}
{"level":"info","ts":1588885125.1776106,"logger":"fallback-logger","caller":"bash/main.go:64","msg":"Successfully executed command \"sh -c mkdir -p /workspace/source\"; output "}

Showing logs for build [32mcb-kubecd-bdd-gh-1588884991-mas-lr8ct-1[0m stage [32mfrom-build-pack[0m and container [32mstep-place-tools[0m

Showing logs for build [32mcb-kubecd-bdd-gh-1588884991-mas-lr8ct-1[0m stage [32mfrom-build-pack[0m and container [32mstep-git-source-cb-kubecd-bdd-gh-1588884991-mas-lr8ct-2bxtn[0m
{"level":"info","ts":1588885197.190271,"logger":"fallback-logger","caller":"logging/config.go:69","msg":"Fetch GitHub commit ID from kodata failed: open /var/run/ko/refs/heads/0.8.0-ns-support: no such file or directory"}
{"level":"info","ts":1588885198.2934282,"logger":"fallback-logger","caller":"git/git.go:103","msg":"Successfully cloned https://github.com/cb-kubecd/bdd-gh-1588884991.git @ v0.0.1 in path /workspace/source"}

Showing logs for build [32mcb-kubecd-bdd-gh-1588884991-mas-lr8ct-1[0m stage [32mfrom-build-pack[0m and container [32mstep-git-merge[0m
Using SHAs from PULL_REFS=master:
WARNING: no SHAs to merge, falling back to initial cloned commit

Showing logs for build [32mcb-kubecd-bdd-gh-1588884991-mas-lr8ct-1[0m stage [32mfrom-build-pack[0m and container [32mstep-setup-jx-git-credentials[0m
failed to get helm version: unable to extract a semantic version from v3.1+unreleased+g08e546f
Generated Git credentials file /workspace/xdg_config/git/credentials

Showing logs for build [32mcb-kubecd-bdd-gh-1588884991-mas-lr8ct-1[0m stage [32mfrom-build-pack[0m and container [32mstep-build-make-build[0m
CGO_ENABLED=0 GO15VENDOREXPERIMENT=1 go build -ldflags '' -o bin/bdd-gh-1588884991 main.go

Showing logs for build [32mcb-kubecd-bdd-gh-1588884991-mas-lr8ct-1[0m stage [32mfrom-build-pack[0m and container [32mstep-build-container-build[0m
ERROR: logging before flag.Parse: E0507 21:00:10.638614      11 metadata.go:241] Failed to unmarshal scopes: in***** character 'h' looking for beginning of value
[36mINFO[0m[0000] Resolved base name scratch to scratch        
[36mINFO[0m[0000] Using dockerignore file: /workspace/source/.dockerignore 
[36mINFO[0m[0000] Resolved base name scratch to scratch        
[36mINFO[0m[0000] Built cross stage deps: map[]                
[36mINFO[0m[0000] No base image, nothing to extract            
[36mINFO[0m[0000] cmd: EXPOSE                                  
[36mINFO[0m[0000] Adding exposed port: 8080/tcp                
[36mINFO[0m[0000] Checking for cached layer gcr.io/jenkins-x-labs-bdd/cache:653cb14f46ef9d3274143933d3799bc0bcab375f40a8d76bdb93aecfc4831e8e... 
[36mINFO[0m[0000] No cached layer found for cmd COPY ./bin/ /  
[36mINFO[0m[0000] Unpacking rootfs as cmd COPY ./bin/ / requires it. 
[36mINFO[0m[0000] Taking snapshot of full filesystem...        
[36mINFO[0m[0000] Resolving paths                              
[36mINFO[0m[0000] EXPOSE 8080                                  
[36mINFO[0m[0000] cmd: EXPOSE                                  
[36mINFO[0m[0000] Adding exposed port: 8080/tcp                
[36mINFO[0m[0000] No files changed in this command, skipping snapshotting. 
[36mINFO[0m[0000] ENTRYPOINT ["/bdd-gh-1588884991"]            
[36mINFO[0m[0000] No files changed in this command, skipping snapshotting. 
[36mINFO[0m[0000] COPY ./bin/ /                                
[36mINFO[0m[0000] Resolving paths                              
[36mINFO[0m[0000] Taking snapshot of files...                  
[36mINFO[0m[0001] Pushing layer gcr.io/jenkins-x-labs-bdd/cache:653cb14f46ef9d3274143933d3799bc0bcab375f40a8d76bdb93aecfc4831e8e to cache now 

Showing logs for build [32mcb-kubecd-bdd-gh-1588884991-mas-lr8ct-1[0m stage [32mfrom-build-pack[0m and container [32mstep-promote-changelog[0m
Converted /workspace/source/charts/bdd-gh-1588884991 to an unshallow repository
Generating change log from git ref b1c21a5792d2a8a91900315b1ee03465815b266e => 0c1d0f66b08df895cb5907165142deb06c659e36
Associating user x-0 in users.jenkins.io with email jenkins-x-*****@googlegroups.com to git GitProvider user with login -0 as emails match
Adding label jenkins.io/git-github-userid=-0 to user x-0 in users.jenkins.io
WARNING: Failed to enrich commit 626f26cac89921a1e0976d876d94a3f2cc95d9dc with issues: User.jenkins.io "x-0" is in*****: metadata.labels: In***** value: "-0": a ***** label must be an empty string or consist of alphanumeric characters, '-', '_' or '.', and must start and end with an alphanumeric character (e.g. 'MyValue',  or 'my_value',  or '12345', regex used for *****ation is '(([A-Za-z0-9][-A-Za-z0-9_.]*)?[A-Za-z0-9])?')
Finding issues in commit messages using git format
WARNING: No release found for cb-kubecd/bdd-gh-1588884991 and tag v0.0.1 so creating a new release
Updated the release information at https://github.com/cb-kubecd/bdd-gh-1588884991/releases/tag/v0.0.1
generated: /workspace/source/charts/bdd-gh-1588884991/templates/release.yaml
Created Release bdd-gh-1588884991-0-0-1 resource in namespace **
Updating PipelineActivity cb-kubecd-bdd-gh-1588884991-master-1 with version 0.0.1
Updated PipelineActivities cb-kubecd-bdd-gh-1588884991-master-1 with release notes URL: https://github.com/cb-kubecd/bdd-gh-1588884991/releases/tag/v0.0.1

Showing logs for build [32mcb-kubecd-bdd-gh-1588884991-mas-lr8ct-1[0m stage [32mfrom-build-pack[0m and container [32mstep-promote-helm-release[0m
WARNING: No $CHART_REPOSITORY defined so using the default value of: http://jenkins-x-chartmuseum:8080
Adding missing Helm repo: storage.googleapis.com https://storage.googleapis.com/chartmuseum.jenkins-x.io
Successfully added Helm repository storage.googleapis.com.
Adding missing Helm repo: jenkins-x-chartmuseum http://jenkins-x-chartmuseum:8080
Successfully added Helm repository jenkins-x-chartmuseum.
WARNING: No $CHART_REPOSITORY defined so using the default value of: http://jenkins-x-chartmuseum:8080
Uploading chart file bdd-gh-1588884991-0.0.1.tgz to http://jenkins-x-chartmuseum:8080/api/charts
Received 201 response: {"saved":true}

Showing logs for build [32mcb-kubecd-bdd-gh-1588884991-mas-lr8ct-1[0m stage [32mfrom-build-pack[0m and container [32mstep-promote-jx-promote[0m
failed to get helm version: unable to extract a semantic version from v3.1+unreleased+g08e546f
WARNING: prow based install so skip waiting for the merge of Pull Requests to go green as currently there is an issue with gettingstatuses from the PR, see https://github.com/jenkins-x/**/issues/2410
WARNING: No $CHART_REPOSITORY defined so using the default value of: http://jenkins-x-chartmuseum:8080
Promoting app bdd-gh-1588884991 version 0.0.1 to namespace **-staging
WARNING: could not find upstream git URL failed to unmarshal  due to no GitConfDir defined
pushed merged branch promote-bdd-gh-1588884991-0.0.1
Created Pull Request: https://github.com/cb-kubecd/environment-pr-304-1-bdd-gke-staging/pull/1
Added label updatebot to Pull Request https://github.com/cb-kubecd/environment-pr-304-1-bdd-gke-staging/pull/1
got git provider status pending from PR https://github.com/cb-kubecd/environment-pr-304-1-bdd-gke-staging/pull/1
Pull Request https://github.com/cb-kubecd/environment-pr-304-1-bdd-gke-staging/pull/1 is merged at sha 881903d4c302f4a2fb4815ab1821d9b00befb7c3
Pull Request merged but we are not waiting for the update pipeline to complete!
WARNING: Could not find the service URL in namespace **-staging for names bdd-gh-1588884991, **-bdd-gh-1588884991, **-staging-bdd-gh-1588884991
